<?xml version="1.0" encoding="UTF-8" ?>
<testsuite tests="38" failures="0" name="com.tsg.mavenproject1.SimpleCalculatorJUnitTest" time="0.037" errors="0" skipped="0">
  <properties>
    <property name="java.runtime.name" value="Java(TM) SE Runtime Environment"/>
    <property name="sun.boot.library.path" value="/usr/lib/jvm/java-8-oracle/jre/lib/amd64"/>
    <property name="java.vm.version" value="25.91-b14"/>
    <property name="java.vm.vendor" value="Oracle Corporation"/>
    <property name="maven.multiModuleProjectDirectory" value="/home/ryan/dev/_repos/week2-group-work/SimpleCalculator/SimpleCalculator"/>
    <property name="java.vendor.url" value="http://java.oracle.com/"/>
    <property name="path.separator" value=":"/>
    <property name="guice.disable.misplaced.annotation.check" value="true"/>
    <property name="java.vm.name" value="Java HotSpot(TM) 64-Bit Server VM"/>
    <property name="file.encoding.pkg" value="sun.io"/>
    <property name="user.country" value="US"/>
    <property name="sun.java.launcher" value="SUN_STANDARD"/>
    <property name="sun.os.patch.level" value="unknown"/>
    <property name="java.vm.specification.name" value="Java Virtual Machine Specification"/>
    <property name="user.dir" value="/home/ryan/dev/_repos/week2-group-work/SimpleCalculator/SimpleCalculator"/>
    <property name="java.runtime.version" value="1.8.0_91-b14"/>
    <property name="java.awt.graphicsenv" value="sun.awt.X11GraphicsEnvironment"/>
    <property name="java.endorsed.dirs" value="/usr/lib/jvm/java-8-oracle/jre/lib/endorsed"/>
    <property name="os.arch" value="amd64"/>
    <property name="java.io.tmpdir" value="/tmp"/>
    <property name="line.separator" value="
"/>
    <property name="java.vm.specification.vendor" value="Oracle Corporation"/>
    <property name="os.name" value="Linux"/>
    <property name="maven.ext.class.path" value="/home/ryan/netbeans-8.1/java/maven-nblib/netbeans-eventspy.jar"/>
    <property name="classworlds.conf" value="/home/ryan/apache-maven-3.3.9/bin/m2.conf"/>
    <property name="sun.jnu.encoding" value="UTF-8"/>
    <property name="java.library.path" value="/usr/lib/jvm/java-8-oracle//jre/lib/amd64:/usr/lib/jvm/java-8-oracle//jre/lib/i386::/usr/java/packages/lib/amd64:/usr/lib64:/lib64:/lib:/usr/lib"/>
    <property name="java.specification.name" value="Java Platform API Specification"/>
    <property name="java.class.version" value="52.0"/>
    <property name="sun.management.compiler" value="HotSpot 64-Bit Tiered Compilers"/>
    <property name="os.version" value="4.2.0-36-generic"/>
    <property name="user.home" value="/home/ryan"/>
    <property name="user.timezone" value="America/New_York"/>
    <property name="java.awt.printerjob" value="sun.print.PSPrinterJob"/>
    <property name="java.specification.version" value="1.8"/>
    <property name="file.encoding" value="UTF-8"/>
    <property name="user.name" value="ryan"/>
    <property name="java.class.path" value="/home/ryan/apache-maven-3.3.9/boot/plexus-classworlds-2.5.2.jar"/>
    <property name="java.vm.specification.version" value="1.8"/>
    <property name="sun.arch.data.model" value="64"/>
    <property name="java.home" value="/usr/lib/jvm/java-8-oracle/jre"/>
    <property name="sun.java.command" value="org.codehaus.plexus.classworlds.launcher.Launcher -Dmaven.ext.class.path=/home/ryan/netbeans-8.1/java/maven-nblib/netbeans-eventspy.jar clean install"/>
    <property name="java.specification.vendor" value="Oracle Corporation"/>
    <property name="user.language" value="en"/>
    <property name="awt.toolkit" value="sun.awt.X11.XToolkit"/>
    <property name="java.vm.info" value="mixed mode"/>
    <property name="java.version" value="1.8.0_91"/>
    <property name="java.ext.dirs" value="/usr/lib/jvm/java-8-oracle/jre/lib/ext:/usr/java/packages/lib/ext"/>
    <property name="securerandom.source" value="file:/dev/./urandom"/>
    <property name="sun.boot.class.path" value="/usr/lib/jvm/java-8-oracle/jre/lib/resources.jar:/usr/lib/jvm/java-8-oracle/jre/lib/rt.jar:/usr/lib/jvm/java-8-oracle/jre/lib/sunrsasign.jar:/usr/lib/jvm/java-8-oracle/jre/lib/jsse.jar:/usr/lib/jvm/java-8-oracle/jre/lib/jce.jar:/usr/lib/jvm/java-8-oracle/jre/lib/charsets.jar:/usr/lib/jvm/java-8-oracle/jre/lib/jfr.jar:/usr/lib/jvm/java-8-oracle/jre/classes"/>
    <property name="java.vendor" value="Oracle Corporation"/>
    <property name="maven.home" value="/home/ryan/apache-maven-3.3.9"/>
    <property name="file.separator" value="/"/>
    <property name="java.vendor.url.bug" value="http://bugreport.sun.com/bugreport/"/>
    <property name="sun.cpu.endian" value="little"/>
    <property name="sun.io.unicode.encoding" value="UnicodeLittle"/>
    <property name="sun.desktop" value="gnome"/>
    <property name="sun.cpu.isalist" value=""/>
  </properties>
  <testcase classname="com.tsg.mavenproject1.SimpleCalculatorJUnitTest" name="TestNegativeDividedByZero" time="0.013"/>
  <testcase classname="com.tsg.mavenproject1.SimpleCalculatorJUnitTest" name="TestZeroMinusPositive" time="0"/>
  <testcase classname="com.tsg.mavenproject1.SimpleCalculatorJUnitTest" name="TestZeroMinusNegative" time="0.001"/>
  <testcase classname="com.tsg.mavenproject1.SimpleCalculatorJUnitTest" name="TestZeroDividedByZero" time="0.001"/>
  <testcase classname="com.tsg.mavenproject1.SimpleCalculatorJUnitTest" name="TestNegativePlusZero" time="0"/>
  <testcase classname="com.tsg.mavenproject1.SimpleCalculatorJUnitTest" name="TestPositiveTimesZero" time="0"/>
  <testcase classname="com.tsg.mavenproject1.SimpleCalculatorJUnitTest" name="TestZeroTimesZero" time="0"/>
  <testcase classname="com.tsg.mavenproject1.SimpleCalculatorJUnitTest" name="TestPositiveDividedByPositive" time="0.001"/>
  <testcase classname="com.tsg.mavenproject1.SimpleCalculatorJUnitTest" name="TestPositiveDividedByNegative" time="0"/>
  <testcase classname="com.tsg.mavenproject1.SimpleCalculatorJUnitTest" name="TestPositivePlusZero" time="0"/>
  <testcase classname="com.tsg.mavenproject1.SimpleCalculatorJUnitTest" name="TestNegativeTimesZero" time="0"/>
  <testcase classname="com.tsg.mavenproject1.SimpleCalculatorJUnitTest" name="TestPositivePlusNegative" time="0.001"/>
  <testcase classname="com.tsg.mavenproject1.SimpleCalculatorJUnitTest" name="TestZeroMinusZero" time="0"/>
  <testcase classname="com.tsg.mavenproject1.SimpleCalculatorJUnitTest" name="TestPositiveTimesPositive" time="0.001"/>
  <testcase classname="com.tsg.mavenproject1.SimpleCalculatorJUnitTest" name="TestPositviePlusPositive" time="0.001"/>
  <testcase classname="com.tsg.mavenproject1.SimpleCalculatorJUnitTest" name="TestPositiveTimesNegative" time="0.004"/>
  <testcase classname="com.tsg.mavenproject1.SimpleCalculatorJUnitTest" name="TestZeroPlusZero" time="0.001"/>
  <testcase classname="com.tsg.mavenproject1.SimpleCalculatorJUnitTest" name="TestNegativeTimesPositive" time="0"/>
  <testcase classname="com.tsg.mavenproject1.SimpleCalculatorJUnitTest" name="TestBadRangeNormal" time="0.001"/>
  <testcase classname="com.tsg.mavenproject1.SimpleCalculatorJUnitTest" name="TestNegativeTimesNegative" time="0"/>
  <testcase classname="com.tsg.mavenproject1.SimpleCalculatorJUnitTest" name="TestPostivieMinusPositive" time="0.001"/>
  <testcase classname="com.tsg.mavenproject1.SimpleCalculatorJUnitTest" name="TestPostivieMinusZero" time="0"/>
  <testcase classname="com.tsg.mavenproject1.SimpleCalculatorJUnitTest" name="TestNegativeMinusZero" time="0.001"/>
  <testcase classname="com.tsg.mavenproject1.SimpleCalculatorJUnitTest" name="TestZeroTimesPositive" time="0.001"/>
  <testcase classname="com.tsg.mavenproject1.SimpleCalculatorJUnitTest" name="TestPostivieMinusNegative" time="0"/>
  <testcase classname="com.tsg.mavenproject1.SimpleCalculatorJUnitTest" name="TestZeroTimesNegative" time="0"/>
  <testcase classname="com.tsg.mavenproject1.SimpleCalculatorJUnitTest" name="TestZeroDividedByPositive" time="0.001"/>
  <testcase classname="com.tsg.mavenproject1.SimpleCalculatorJUnitTest" name="TestNegativeDividedByPositive" time="0"/>
  <testcase classname="com.tsg.mavenproject1.SimpleCalculatorJUnitTest" name="TestNormalRangeNormalStringOutOfRange" time="0.001"/>
  <testcase classname="com.tsg.mavenproject1.SimpleCalculatorJUnitTest" name="TestZeroDividedByNegative" time="0"/>
  <testcase classname="com.tsg.mavenproject1.SimpleCalculatorJUnitTest" name="TestNegativeDividedByNegative" time="0.001"/>
  <testcase classname="com.tsg.mavenproject1.SimpleCalculatorJUnitTest" name="TestNegativePlusPositive" time="0.001"/>
  <testcase classname="com.tsg.mavenproject1.SimpleCalculatorJUnitTest" name="TestZeroPlusPositive" time="0"/>
  <testcase classname="com.tsg.mavenproject1.SimpleCalculatorJUnitTest" name="TestPositiveDividedByZero" time="0.001"/>
  <testcase classname="com.tsg.mavenproject1.SimpleCalculatorJUnitTest" name="TestNegativePlusNegative" time="0.002"/>
  <testcase classname="com.tsg.mavenproject1.SimpleCalculatorJUnitTest" name="TestZeroPlusNegative" time="0.001"/>
  <testcase classname="com.tsg.mavenproject1.SimpleCalculatorJUnitTest" name="TestNegativeMinusPositive" time="0"/>
  <testcase classname="com.tsg.mavenproject1.SimpleCalculatorJUnitTest" name="TestNegativeMinusNegative" time="0.001"/>
</testsuite>